# JRE version: Java(TM) SE Runtime Environment (8.0_77-b03) (build 1.8.0_77-b03)
# Java VM: Java HotSpot(TM) 64-Bit Server VM (25.77-b03 mixed mode linux-amd64 compressed oops)
Heap:
 PSYoungGen      total 422912K, used 20979K [0x0000000719f80000, 0x0000000739480000, 0x00000007c0000000)
  eden space 401920K, 0% used [0x0000000719f80000,0x0000000719f80000,0x0000000732800000)
  from space 20992K, 99% used [0x0000000736b80000,0x0000000737ffcff8,0x0000000738000000)
  to   space 8704K, 0% used [0x0000000738c00000,0x0000000738c00000,0x0000000739480000)
 ParOldGen       total 278528K, used 40599K [0x00000005cde00000, 0x00000005dee00000, 0x0000000719f80000)
  object space 278528K, 14% used [0x00000005cde00000,0x00000005d05a5e38,0x00000005dee00000)
 Metaspace       used 40590K, capacity 56395K, committed 56508K, reserved 1097728K
  class space    used 5616K, capacity 8760K, committed 8872K, reserved 1048576K
GC Heap History (10 events):
Event: 7,307 GC heap after
Heap after GC invocations=3 (full 1):
 PSYoungGen      total 270336K, used 20960K [0x0000000719f80000, 0x000000072c380000, 0x00000007c0000000)
  eden space 249344K, 0% used [0x0000000719f80000,0x0000000719f80000,0x0000000729300000)
  from space 20992K, 99% used [0x000000072af00000,0x000000072c3780a0,0x000000072c380000)
  to   space 20992K, 0% used [0x0000000729a80000,0x0000000729a80000,0x000000072af00000)
 ParOldGen       total 146944K, used 26057K [0x00000005cde00000, 0x00000005d6d80000, 0x0000000719f80000)
  object space 146944K, 17% used [0x00000005cde00000,0x00000005cf772438,0x00000005d6d80000)
 Metaspace       used 26009K, capacity 33071K, committed 33408K, reserved 1077248K
  class space    used 3459K, capacity 4872K, committed 4992K, reserved 1048576K
}
Event: 7,363 GC heap before
{Heap before GC invocations=4 (full 1):
 PSYoungGen      total 270336K, used 36824K [0x0000000719f80000, 0x000000072c380000, 0x00000007c0000000)
  eden space 249344K, 6% used [0x0000000719f80000,0x000000071aefe2a0,0x0000000729300000)
  from space 20992K, 99% used [0x000000072af00000,0x000000072c3780a0,0x000000072c380000)
  to   space 20992K, 0% used [0x0000000729a80000,0x0000000729a80000,0x000000072af00000)
 ParOldGen       total 146944K, used 26057K [0x00000005cde00000, 0x00000005d6d80000, 0x0000000719f80000)
  object space 146944K, 17% used [0x00000005cde00000,0x00000005cf772438,0x00000005d6d80000)
 Metaspace       used 27513K, capacity 35479K, committed 35496K, reserved 1079296K
  class space    used 3682K, capacity 5274K, committed 5288K, reserved 1048576K
Event: 7,377 GC heap after
Heap after GC invocations=4 (full 1):
 PSYoungGen      total 278016K, used 20976K [0x0000000719f80000, 0x000000073a080000, 0x00000007c0000000)
  eden space 257024K, 0% used [0x0000000719f80000,0x0000000719f80000,0x0000000729a80000)
  from space 20992K, 99% used [0x0000000729a80000,0x000000072aefc0b0,0x000000072af00000)
  to   space 20992K, 0% used [0x0000000738c00000,0x0000000738c00000,0x000000073a080000)
 ParOldGen       total 146944K, used 26609K [0x00000005cde00000, 0x00000005d6d80000, 0x0000000719f80000)
  object space 146944K, 18% used [0x00000005cde00000,0x00000005cf7fc438,0x00000005d6d80000)
 Metaspace       used 27513K, capacity 35479K, committed 35496K, reserved 1079296K
  class space    used 3682K, capacity 5274K, committed 5288K, reserved 1048576K
}
Event: 7,382 GC heap before
{Heap before GC invocations=5 (full 2):
 PSYoungGen      total 278016K, used 20976K [0x0000000719f80000, 0x000000073a080000, 0x00000007c0000000)
  eden space 257024K, 0% used [0x0000000719f80000,0x0000000719f80000,0x0000000729a80000)
  from space 20992K, 99% used [0x0000000729a80000,0x000000072aefc0b0,0x000000072af00000)
  to   space 20992K, 0% used [0x0000000738c00000,0x0000000738c00000,0x000000073a080000)
 ParOldGen       total 146944K, used 26609K [0x00000005cde00000, 0x00000005d6d80000, 0x0000000719f80000)
  object space 146944K, 18% used [0x00000005cde00000,0x00000005cf7fc438,0x00000005d6d80000)
 Metaspace       used 27513K, capacity 35479K, committed 35496K, reserved 1079296K
  class space    used 3682K, capacity 5274K, committed 5288K, reserved 1048576K
Event: 7,995 GC heap after
Heap after GC invocations=5 (full 2):
 PSYoungGen      total 278016K, used 0K [0x0000000719f80000, 0x000000073a080000, 0x00000007c0000000)
  eden space 257024K, 0% used [0x0000000719f80000,0x0000000719f80000,0x0000000729a80000)
  from space 20992K, 0% used [0x0000000729a80000,0x0000000729a80000,0x000000072af00000)
  to   space 20992K, 0% used [0x0000000738c00000,0x0000000738c00000,0x000000073a080000)
 ParOldGen       total 231936K, used 34285K [0x00000005cde00000, 0x00000005dc080000, 0x0000000719f80000)
  object space 231936K, 14% used [0x00000005cde00000,0x00000005cff7b788,0x00000005dc080000)
 Metaspace       used 14561K, capacity 14755K, committed 31400K, reserved 1075200K
  class space    used 1766K, capacity 1820K, committed 5288K, reserved 1048576K
}
Event: 9,167 GC heap before
{Heap before GC invocations=6 (full 2):
 PSYoungGen      total 278016K, used 154387K [0x0000000719f80000, 0x000000073a080000, 0x00000007c0000000)
  eden space 257024K, 60% used [0x0000000719f80000,0x0000000723644e18,0x0000000729a80000)
  from space 20992K, 0% used [0x0000000729a80000,0x0000000729a80000,0x000000072af00000)
  to   space 20992K, 0% used [0x0000000738c00000,0x0000000738c00000,0x000000073a080000)
 ParOldGen       total 231936K, used 34285K [0x00000005cde00000, 0x00000005dc080000, 0x0000000719f80000)
  object space 231936K, 14% used [0x00000005cde00000,0x00000005cff7b788,0x00000005dc080000)
 Metaspace       used 38035K, capacity 52309K, committed 52336K, reserved 1093632K
  class space    used 5238K, capacity 8079K, committed 8104K, reserved 1048576K
Event: 9,190 GC heap after
Heap after GC invocations=6 (full 2):
 PSYoungGen      total 410624K, used 8356K [0x0000000719f80000, 0x0000000739480000, 0x00000007c0000000)
  eden space 401920K, 0% used [0x0000000719f80000,0x0000000719f80000,0x0000000732800000)
  from space 8704K, 96% used [0x0000000738c00000,0x0000000739429278,0x0000000739480000)
  to   space 20992K, 0% used [0x0000000736b80000,0x0000000736b80000,0x0000000738000000)
 ParOldGen       total 231936K, used 34285K [0x00000005cde00000, 0x00000005dc080000, 0x0000000719f80000)
  object space 231936K, 14% used [0x00000005cde00000,0x00000005cff7b788,0x00000005dc080000)
 Metaspace       used 38035K, capacity 52309K, committed 52336K, reserved 1093632K
  class space    used 5238K, capacity 8079K, committed 8104K, reserved 1048576K
}
Event: 9,192 GC heap before
{Heap before GC invocations=7 (full 3):
 PSYoungGen      total 410624K, used 8356K [0x0000000719f80000, 0x0000000739480000, 0x00000007c0000000)
  eden space 401920K, 0% used [0x0000000719f80000,0x0000000719f80000,0x0000000732800000)
  from space 8704K, 96% used [0x0000000738c00000,0x0000000739429278,0x0000000739480000)
  to   space 20992K, 0% used [0x0000000736b80000,0x0000000736b80000,0x0000000738000000)
 ParOldGen       total 231936K, used 34285K [0x00000005cde00000, 0x00000005dc080000, 0x0000000719f80000)
  object space 231936K, 14% used [0x00000005cde00000,0x00000005cff7b788,0x00000005dc080000)
 Metaspace       used 38035K, capacity 52309K, committed 52336K, reserved 1093632K
  class space    used 5238K, capacity 8079K, committed 8104K, reserved 1048576K
Event: 9,324 GC heap after
Heap after GC invocations=7 (full 3):
 PSYoungGen      total 410624K, used 0K [0x0000000719f80000, 0x0000000739480000, 0x00000007c0000000)
  eden space 401920K, 0% used [0x0000000719f80000,0x0000000719f80000,0x0000000732800000)
  from space 8704K, 0% used [0x0000000738c00000,0x0000000738c00000,0x0000000739480000)
  to   space 20992K, 0% used [0x0000000736b80000,0x0000000736b80000,0x0000000738000000)
 ParOldGen       total 278528K, used 35919K [0x00000005cde00000, 0x00000005dee00000, 0x0000000719f80000)
  object space 278528K, 12% used [0x00000005cde00000,0x00000005d0113e38,0x00000005dee00000)
 Metaspace       used 14564K, capacity 14755K, committed 33904K, reserved 1075200K
  class space    used 1766K, capacity 1820K, committed 8104K, reserved 1048576K
}
Event: 10,409 GC heap before
{Heap before GC invocations=8 (full 3):
 PSYoungGen      total 410624K, used 197119K [0x0000000719f80000, 0x0000000739480000, 0x00000007c0000000)
  eden space 401920K, 49% used [0x0000000719f80000,0x0000000725fffd50,0x0000000732800000)
  from space 8704K, 0% used [0x0000000738c00000,0x0000000738c00000,0x0000000739480000)
  to   space 20992K, 0% used [0x0000000736b80000,0x0000000736b80000,0x0000000738000000)
 ParOldGen       total 278528K, used 35919K [0x00000005cde00000, 0x00000005dee00000, 0x0000000719f80000)
  object space 278528K, 12% used [0x00000005cde00000,0x00000005d0113e38,0x00000005dee00000)
 Metaspace       used 40590K, capacity 56395K, committed 56508K, reserved 1097728K
  class space    used 5616K, capacity 8760K, committed 8872K, reserved 1048576K

